<?xml version="1.0" encoding="UTF-8"?>
<!-- Generated by org.testng.reporters.JUnitXMLReporter -->
<testsuite ignored="0" hostname="WKWZTMbcOi1L82I" failures="0" tests="3" name="Default test" time="38.637" errors="0" timestamp="2023-09-06T12:57:25 IST">
  <testcase classname="testNG.DataProvider" name="sample" time="14.65"/>
  <testcase classname="testNG.DataProvider" name="sample" time="11.691"/>
  <testcase classname="testNG.DataProvider" name="sample" time="12.253"/>
</testsuite> <!-- Default test -->
