<?xml version="1.0" encoding="UTF-8"?>
<testng-results ignored="0" total="3" passed="3" failed="0" skipped="0">
  <reporter-output>
  </reporter-output>
  <suite started-at="2023-09-06T12:56:46 IST" name="Default suite" finished-at="2023-09-06T12:57:25 IST" duration-ms="38637">
    <groups>
    </groups>
    <test started-at="2023-09-06T12:56:46 IST" name="Default test" finished-at="2023-09-06T12:57:25 IST" duration-ms="38637">
      <class name="testNG.DataProvider">
        <test-method signature="sample(java.lang.String,java.lang.String)[pri:0, instance:testNG.DataProvider@76b1e9b8]" started-at="2023-09-06T12:56:46 IST" name="sample" data-provider="getData" finished-at="2023-09-06T12:57:01 IST" duration-ms="14650" status="PASS">
          <params>
            <param index="0">
              <value>
                <![CDATA[admin]]>
              </value>
            </param>
            <param index="1">
              <value>
                <![CDATA[manager]]>
              </value>
            </param>
          </params>
          <reporter-output>
          </reporter-output>
        </test-method> <!-- sample -->
        <test-method signature="sample(java.lang.String,java.lang.String)[pri:0, instance:testNG.DataProvider@76b1e9b8]" started-at="2023-09-06T12:57:01 IST" name="sample" data-provider="getData" finished-at="2023-09-06T12:57:13 IST" duration-ms="11691" status="PASS">
          <params>
            <param index="0">
              <value>
                <![CDATA[trainee]]>
              </value>
            </param>
            <param index="1">
              <value>
                <![CDATA[trainee]]>
              </value>
            </param>
          </params>
          <reporter-output>
          </reporter-output>
        </test-method> <!-- sample -->
        <test-method signature="sample(java.lang.String,java.lang.String)[pri:0, instance:testNG.DataProvider@76b1e9b8]" started-at="2023-09-06T12:57:13 IST" name="sample" data-provider="getData" finished-at="2023-09-06T12:57:25 IST" duration-ms="12253" status="PASS">
          <params>
            <param index="0">
              <value>
                <![CDATA[hi]]>
              </value>
            </param>
            <param index="1">
              <value>
                <![CDATA[hellow]]>
              </value>
            </param>
          </params>
          <reporter-output>
          </reporter-output>
        </test-method> <!-- sample -->
      </class> <!-- testNG.DataProvider -->
    </test> <!-- Default test -->
  </suite> <!-- Default suite -->
</testng-results>
